4.29497e+09
4.29497e+09
4.29497e+09
4.29497e+09
4.29497e+09
4.29497e+09
4.29497e+09
4.29497e+09
4.29497e+09
4.29497e+09
4.29497e+09
4.29497e+09
4.29497e+09
4.29497e+09
4.29497e+09
4.29497e+09
4.29497e+09
4.29497e+09
4.29497e+09
4.29497e+09
4.29497e+09
4.29497e+09
4.29497e+09
4.29497e+09
4.29497e+09
4.29497e+09
4.29497e+09
4.29497e+09
4.29497e+09
4.29497e+09
4.29497e+09
4.29497e+09
4.29497e+09
4.29497e+09
4.29497e+09
4.29497e+09
4.29497e+09
4.29497e+09
4.29497e+09
4.29497e+09
4.29497e+09
4.29497e+09
4.29497e+09
4.29497e+09
4.29497e+09
